# JRE version: OpenJDK Runtime Environment (8.0_242-b01) (build 1.8.0_242-release-1644-b01)
# Java VM: OpenJDK 64-Bit Server VM (25.242-b01 mixed mode windows-amd64 compressed oops)
Heap:
 PSYoungGen      total 465920K, used 49619K [0x00000000d5580000, 0x0000000100000000, 0x0000000100000000)
  eden space 232960K, 0% used [0x00000000d5580000,0x00000000d5580000,0x00000000e3900000)
  from space 232960K, 21% used [0x00000000e3900000,0x00000000e6974c68,0x00000000f1c80000)
  to   space 232960K, 0% used [0x00000000f1c80000,0x00000000f1c80000,0x0000000100000000)
 ParOldGen       total 468992K, used 427406K [0x0000000080000000, 0x000000009ca00000, 0x00000000d5580000)
  object space 468992K, 91% used [0x0000000080000000,0x000000009a163ba0,0x000000009ca00000)
 Metaspace       used 144968K, capacity 150898K, committed 151600K, reserved 1181696K
  class space    used 18551K, capacity 19783K, committed 20016K, reserved 1048576K
GC Heap History (10 events):
Event: 4549.972 GC heap after
Heap after GC invocations=43 (full 6):
 PSYoungGen      total 465920K, used 64K [0x00000000d5580000, 0x0000000100000000, 0x0000000100000000)
  eden space 232960K, 0% used [0x00000000d5580000,0x00000000d5580000,0x00000000e3900000)
  from space 232960K, 0% used [0x00000000e3900000,0x00000000e3910000,0x00000000f1c80000)
  to   space 232960K, 0% used [0x00000000f1c80000,0x00000000f1c80000,0x0000000100000000)
 ParOldGen       total 468992K, used 268609K [0x0000000080000000, 0x000000009ca00000, 0x00000000d5580000)
  object space 468992K, 57% used [0x0000000080000000,0x0000000090650738,0x000000009ca00000)
 Metaspace       used 143944K, capacity 149758K, committed 150832K, reserved 1179648K
  class space    used 18439K, capacity 19651K, committed 20016K, reserved 1048576K
}
Event: 4550.698 GC heap before
{Heap before GC invocations=44 (full 6):
 PSYoungGen      total 465920K, used 233024K [0x00000000d5580000, 0x0000000100000000, 0x0000000100000000)
  eden space 232960K, 100% used [0x00000000d5580000,0x00000000e3900000,0x00000000e3900000)
  from space 232960K, 0% used [0x00000000e3900000,0x00000000e3910000,0x00000000f1c80000)
  to   space 232960K, 0% used [0x00000000f1c80000,0x00000000f1c80000,0x0000000100000000)
 ParOldGen       total 468992K, used 268609K [0x0000000080000000, 0x000000009ca00000, 0x00000000d5580000)
  object space 468992K, 57% used [0x0000000080000000,0x0000000090650738,0x000000009ca00000)
 Metaspace       used 144005K, capacity 149846K, committed 150832K, reserved 1179648K
  class space    used 18446K, capacity 19655K, committed 20016K, reserved 1048576K
Event: 4550.707 GC heap after
Heap after GC invocations=44 (full 6):
 PSYoungGen      total 465920K, used 602K [0x00000000d5580000, 0x0000000100000000, 0x0000000100000000)
  eden space 232960K, 0% used [0x00000000d5580000,0x00000000d5580000,0x00000000e3900000)
  from space 232960K, 0% used [0x00000000f1c80000,0x00000000f1d16ad0,0x0000000100000000)
  to   space 232960K, 0% used [0x00000000e3900000,0x00000000e3900000,0x00000000f1c80000)
 ParOldGen       total 468992K, used 268625K [0x0000000080000000, 0x000000009ca00000, 0x00000000d5580000)
  object space 468992K, 57% used [0x0000000080000000,0x0000000090654738,0x000000009ca00000)
 Metaspace       used 144005K, capacity 149846K, committed 150832K, reserved 1179648K
  class space    used 18446K, capacity 19655K, committed 20016K, reserved 1048576K
}
Event: 4557.972 GC heap before
{Heap before GC invocations=45 (full 6):
 PSYoungGen      total 465920K, used 233562K [0x00000000d5580000, 0x0000000100000000, 0x0000000100000000)
  eden space 232960K, 100% used [0x00000000d5580000,0x00000000e3900000,0x00000000e3900000)
  from space 232960K, 0% used [0x00000000f1c80000,0x00000000f1d16ad0,0x0000000100000000)
  to   space 232960K, 0% used [0x00000000e3900000,0x00000000e3900000,0x00000000f1c80000)
 ParOldGen       total 468992K, used 268625K [0x0000000080000000, 0x000000009ca00000, 0x00000000d5580000)
  object space 468992K, 57% used [0x0000000080000000,0x0000000090654738,0x000000009ca00000)
 Metaspace       used 144783K, capacity 150726K, committed 151344K, reserved 1181696K
  class space    used 18546K, capacity 19775K, committed 20016K, reserved 1048576K
Event: 4558.204 GC heap after
Heap after GC invocations=45 (full 6):
 PSYoungGen      total 465920K, used 110207K [0x00000000d5580000, 0x0000000100000000, 0x0000000100000000)
  eden space 232960K, 0% used [0x00000000d5580000,0x00000000d5580000,0x00000000e3900000)
  from space 232960K, 47% used [0x00000000e3900000,0x00000000ea49fe00,0x00000000f1c80000)
  to   space 232960K, 0% used [0x00000000f1c80000,0x00000000f1c80000,0x0000000100000000)
 ParOldGen       total 468992K, used 268986K [0x0000000080000000, 0x000000009ca00000, 0x00000000d5580000)
  object space 468992K, 57% used [0x0000000080000000,0x00000000906ae800,0x000000009ca00000)
 Metaspace       used 144783K, capacity 150726K, committed 151344K, reserved 1181696K
  class space    used 18546K, capacity 19775K, committed 20016K, reserved 1048576K
}
Event: 4561.532 GC heap before
{Heap before GC invocations=46 (full 6):
 PSYoungGen      total 465920K, used 343167K [0x00000000d5580000, 0x0000000100000000, 0x0000000100000000)
  eden space 232960K, 100% used [0x00000000d5580000,0x00000000e3900000,0x00000000e3900000)
  from space 232960K, 47% used [0x00000000e3900000,0x00000000ea49fe00,0x00000000f1c80000)
  to   space 232960K, 0% used [0x00000000f1c80000,0x00000000f1c80000,0x0000000100000000)
 ParOldGen       total 468992K, used 268986K [0x0000000080000000, 0x000000009ca00000, 0x00000000d5580000)
  object space 468992K, 57% used [0x0000000080000000,0x00000000906ae800,0x000000009ca00000)
 Metaspace       used 144844K, capacity 150800K, committed 151600K, reserved 1181696K
  class space    used 18547K, capacity 19776K, committed 20016K, reserved 1048576K
Event: 4561.910 GC heap after
Heap after GC invocations=46 (full 6):
 PSYoungGen      total 465920K, used 84038K [0x00000000d5580000, 0x0000000100000000, 0x0000000100000000)
  eden space 232960K, 0% used [0x00000000d5580000,0x00000000d5580000,0x00000000e3900000)
  from space 232960K, 36% used [0x00000000f1c80000,0x00000000f6e91b58,0x0000000100000000)
  to   space 232960K, 0% used [0x00000000e3900000,0x00000000e3900000,0x00000000f1c80000)
 ParOldGen       total 468992K, used 349115K [0x0000000080000000, 0x000000009ca00000, 0x00000000d5580000)
  object space 468992K, 74% used [0x0000000080000000,0x00000000954eef78,0x000000009ca00000)
 Metaspace       used 144844K, capacity 150800K, committed 151600K, reserved 1181696K
  class space    used 18547K, capacity 19776K, committed 20016K, reserved 1048576K
}
Event: 4565.765 GC heap before
{Heap before GC invocations=47 (full 6):
 PSYoungGen      total 465920K, used 316998K [0x00000000d5580000, 0x0000000100000000, 0x0000000100000000)
  eden space 232960K, 100% used [0x00000000d5580000,0x00000000e3900000,0x00000000e3900000)
  from space 232960K, 36% used [0x00000000f1c80000,0x00000000f6e91b58,0x0000000100000000)
  to   space 232960K, 0% used [0x00000000e3900000,0x00000000e3900000,0x00000000f1c80000)
 ParOldGen       total 468992K, used 349115K [0x0000000080000000, 0x000000009ca00000, 0x00000000d5580000)
  object space 468992K, 74% used [0x0000000080000000,0x00000000954eef78,0x000000009ca00000)
 Metaspace       used 144968K, capacity 150898K, committed 151600K, reserved 1181696K
  class space    used 18551K, capacity 19783K, committed 20016K, reserved 1048576K
Event: 4566.155 GC heap after
Heap after GC invocations=47 (full 6):
 PSYoungGen      total 465920K, used 49619K [0x00000000d5580000, 0x0000000100000000, 0x0000000100000000)
  eden space 232960K, 0% used [0x00000000d5580000,0x00000000d5580000,0x00000000e3900000)
  from space 232960K, 21% used [0x00000000e3900000,0x00000000e6974c68,0x00000000f1c80000)
  to   space 232960K, 0% used [0x00000000f1c80000,0x00000000f1c80000,0x0000000100000000)
 ParOldGen       total 468992K, used 427406K [0x0000000080000000, 0x000000009ca00000, 0x00000000d5580000)
  object space 468992K, 91% used [0x0000000080000000,0x000000009a163ba0,0x000000009ca00000)
 Metaspace       used 144968K, capacity 150898K, committed 151600K, reserved 1181696K
  class space    used 18551K, capacity 19783K, committed 20016K, reserved 1048576K
}
Event: 4566.155 GC heap before
{Heap before GC invocations=48 (full 7):
 PSYoungGen      total 465920K, used 49619K [0x00000000d5580000, 0x0000000100000000, 0x0000000100000000)
  eden space 232960K, 0% used [0x00000000d5580000,0x00000000d5580000,0x00000000e3900000)
  from space 232960K, 21% used [0x00000000e3900000,0x00000000e6974c68,0x00000000f1c80000)
  to   space 232960K, 0% used [0x00000000f1c80000,0x00000000f1c80000,0x0000000100000000)
 ParOldGen       total 468992K, used 427406K [0x0000000080000000, 0x000000009ca00000, 0x00000000d5580000)
  object space 468992K, 91% used [0x0000000080000000,0x000000009a163ba0,0x000000009ca00000)
 Metaspace       used 144968K, capacity 150898K, committed 151600K, reserved 1181696K
  class space    used 18551K, capacity 19783K, committed 20016K, reserved 1048576K

