# JRE version: OpenJDK Runtime Environment (8.0_242-b01) (build 1.8.0_242-release-1644-b01)
# Java VM: OpenJDK 64-Bit Server VM (25.242-b01 mixed mode windows-amd64 compressed oops)
Heap:
 PSYoungGen      total 248320K, used 134349K [0x00000000d5580000, 0x00000000e8600000, 0x0000000100000000)
  eden space 233984K, 51% used [0x00000000d5580000,0x00000000dcab6858,0x00000000e3a00000)
  from space 14336K, 99% used [0x00000000e4e80000,0x00000000e5c7cdc0,0x00000000e5c80000)
  to   space 20992K, 83% used [0x00000000e3a00000,0x00000000e4b27330,0x00000000e4e80000)
 ParOldGen       total 79872K, used 25739K [0x0000000080000000, 0x0000000084e00000, 0x00000000d5580000)
  object space 79872K, 32% used [0x0000000080000000,0x0000000081922f18,0x0000000084e00000)
 Metaspace       used 57085K, capacity 59120K, committed 59160K, reserved 1099776K
  class space    used 7840K, capacity 8334K, committed 8368K, reserved 1048576K
GC Heap History (10 events):
Event: 5.710 GC heap after
Heap after GC invocations=6 (full 1):
 PSYoungGen      total 102400K, used 0K [0x00000000d5580000, 0x00000000e2d80000, 0x0000000100000000)
  eden space 98304K, 0% used [0x00000000d5580000,0x00000000d5580000,0x00000000db580000)
  from space 4096K, 0% used [0x00000000db580000,0x00000000db580000,0x00000000db980000)
  to   space 12288K, 0% used [0x00000000e2180000,0x00000000e2180000,0x00000000e2d80000)
 ParOldGen       total 54784K, used 10922K [0x0000000080000000, 0x0000000083580000, 0x00000000d5580000)
  object space 54784K, 19% used [0x0000000080000000,0x0000000080aaabe0,0x0000000083580000)
 Metaspace       used 20614K, capacity 21220K, committed 21296K, reserved 1067008K
  class space    used 2888K, capacity 3084K, committed 3120K, reserved 1048576K
}
Event: 7.773 GC heap before
{Heap before GC invocations=7 (full 1):
 PSYoungGen      total 102400K, used 98304K [0x00000000d5580000, 0x00000000e2d80000, 0x0000000100000000)
  eden space 98304K, 100% used [0x00000000d5580000,0x00000000db580000,0x00000000db580000)
  from space 4096K, 0% used [0x00000000db580000,0x00000000db580000,0x00000000db980000)
  to   space 12288K, 0% used [0x00000000e2180000,0x00000000e2180000,0x00000000e2d80000)
 ParOldGen       total 54784K, used 10922K [0x0000000080000000, 0x0000000083580000, 0x00000000d5580000)
  object space 54784K, 19% used [0x0000000080000000,0x0000000080aaabe0,0x0000000083580000)
 Metaspace       used 31138K, capacity 31910K, committed 32176K, reserved 1077248K
  class space    used 4234K, capacity 4468K, committed 4528K, reserved 1048576K
Event: 7.850 GC heap after
Heap after GC invocations=7 (full 1):
 PSYoungGen      total 167424K, used 11047K [0x00000000d5580000, 0x00000000e2c80000, 0x0000000100000000)
  eden space 156160K, 0% used [0x00000000d5580000,0x00000000d5580000,0x00000000dee00000)
  from space 11264K, 98% used [0x00000000e2180000,0x00000000e2c49df8,0x00000000e2c80000)
  to   space 13824K, 0% used [0x00000000e1180000,0x00000000e1180000,0x00000000e1f00000)
 ParOldGen       total 54784K, used 10930K [0x0000000080000000, 0x0000000083580000, 0x00000000d5580000)
  object space 54784K, 19% used [0x0000000080000000,0x0000000080aacbe0,0x0000000083580000)
 Metaspace       used 31138K, capacity 31910K, committed 32176K, reserved 1077248K
  class space    used 4234K, capacity 4468K, committed 4528K, reserved 1048576K
}
Event: 10.689 GC heap before
{Heap before GC invocations=8 (full 1):
 PSYoungGen      total 167424K, used 92727K [0x00000000d5580000, 0x00000000e2c80000, 0x0000000100000000)
  eden space 156160K, 52% used [0x00000000d5580000,0x00000000da5440c0,0x00000000dee00000)
  from space 11264K, 98% used [0x00000000e2180000,0x00000000e2c49df8,0x00000000e2c80000)
  to   space 13824K, 0% used [0x00000000e1180000,0x00000000e1180000,0x00000000e1f00000)
 ParOldGen       total 54784K, used 10930K [0x0000000080000000, 0x0000000083580000, 0x00000000d5580000)
  object space 54784K, 19% used [0x0000000080000000,0x0000000080aacbe0,0x0000000083580000)
 Metaspace       used 34641K, capacity 35398K, committed 35496K, reserved 1079296K
  class space    used 4753K, capacity 4972K, committed 5040K, reserved 1048576K
Event: 10.708 GC heap after
Heap after GC invocations=8 (full 1):
 PSYoungGen      total 206336K, used 9872K [0x00000000d5580000, 0x00000000e5c80000, 0x0000000100000000)
  eden space 192512K, 0% used [0x00000000d5580000,0x00000000d5580000,0x00000000e1180000)
  from space 13824K, 71% used [0x00000000e1180000,0x00000000e1b24048,0x00000000e1f00000)
  to   space 14336K, 0% used [0x00000000e4e80000,0x00000000e4e80000,0x00000000e5c80000)
 ParOldGen       total 54784K, used 10938K [0x0000000080000000, 0x0000000083580000, 0x00000000d5580000)
  object space 54784K, 19% used [0x0000000080000000,0x0000000080aaebe0,0x0000000083580000)
 Metaspace       used 34641K, capacity 35398K, committed 35496K, reserved 1079296K
  class space    used 4753K, capacity 4972K, committed 5040K, reserved 1048576K
}
Event: 10.708 GC heap before
{Heap before GC invocations=9 (full 2):
 PSYoungGen      total 206336K, used 9872K [0x00000000d5580000, 0x00000000e5c80000, 0x0000000100000000)
  eden space 192512K, 0% used [0x00000000d5580000,0x00000000d5580000,0x00000000e1180000)
  from space 13824K, 71% used [0x00000000e1180000,0x00000000e1b24048,0x00000000e1f00000)
  to   space 14336K, 0% used [0x00000000e4e80000,0x00000000e4e80000,0x00000000e5c80000)
 ParOldGen       total 54784K, used 10938K [0x0000000080000000, 0x0000000083580000, 0x00000000d5580000)
  object space 54784K, 19% used [0x0000000080000000,0x0000000080aaebe0,0x0000000083580000)
 Metaspace       used 34641K, capacity 35398K, committed 35496K, reserved 1079296K
  class space    used 4753K, capacity 4972K, committed 5040K, reserved 1048576K
Event: 10.842 GC heap after
Heap after GC invocations=9 (full 2):
 PSYoungGen      total 206336K, used 0K [0x00000000d5580000, 0x00000000e5c80000, 0x0000000100000000)
  eden space 192512K, 0% used [0x00000000d5580000,0x00000000d5580000,0x00000000e1180000)
  from space 13824K, 0% used [0x00000000e1180000,0x00000000e1180000,0x00000000e1f00000)
  to   space 14336K, 0% used [0x00000000e4e80000,0x00000000e4e80000,0x00000000e5c80000)
 ParOldGen       total 79872K, used 16334K [0x0000000080000000, 0x0000000084e00000, 0x00000000d5580000)
  object space 79872K, 20% used [0x0000000080000000,0x0000000080ff3b00,0x0000000084e00000)
 Metaspace       used 34641K, capacity 35398K, committed 35496K, reserved 1079296K
  class space    used 4753K, capacity 4972K, committed 5040K, reserved 1048576K
}
Event: 38.139 GC heap before
{Heap before GC invocations=10 (full 2):
 PSYoungGen      total 206336K, used 192512K [0x00000000d5580000, 0x00000000e5c80000, 0x0000000100000000)
  eden space 192512K, 100% used [0x00000000d5580000,0x00000000e1180000,0x00000000e1180000)
  from space 13824K, 0% used [0x00000000e1180000,0x00000000e1180000,0x00000000e1f00000)
  to   space 14336K, 0% used [0x00000000e4e80000,0x00000000e4e80000,0x00000000e5c80000)
 ParOldGen       total 79872K, used 16334K [0x0000000080000000, 0x0000000084e00000, 0x00000000d5580000)
  object space 79872K, 20% used [0x0000000080000000,0x0000000080ff3b00,0x0000000084e00000)
 Metaspace       used 49811K, capacity 51426K, committed 51632K, reserved 1093632K
  class space    used 6661K, capacity 7080K, committed 7088K, reserved 1048576K
Event: 38.207 GC heap after
Heap after GC invocations=10 (full 2):
 PSYoungGen      total 248320K, used 14323K [0x00000000d5580000, 0x00000000e8600000, 0x0000000100000000)
  eden space 233984K, 0% used [0x00000000d5580000,0x00000000d5580000,0x00000000e3a00000)
  from space 14336K, 99% used [0x00000000e4e80000,0x00000000e5c7cdc0,0x00000000e5c80000)
  to   space 20992K, 0% used [0x00000000e3a00000,0x00000000e3a00000,0x00000000e4e80000)
 ParOldGen       total 79872K, used 25731K [0x0000000080000000, 0x0000000084e00000, 0x00000000d5580000)
  object space 79872K, 32% used [0x0000000080000000,0x0000000081920f18,0x0000000084e00000)
 Metaspace       used 49811K, capacity 51426K, committed 51632K, reserved 1093632K
  class space    used 6661K, capacity 7080K, committed 7088K, reserved 1048576K
}
Event: 46.729 GC heap before
{Heap before GC invocations=11 (full 2):
 PSYoungGen      total 248320K, used 134349K [0x00000000d5580000, 0x00000000e8600000, 0x0000000100000000)
  eden space 233984K, 51% used [0x00000000d5580000,0x00000000dcab6858,0x00000000e3a00000)
  from space 14336K, 99% used [0x00000000e4e80000,0x00000000e5c7cdc0,0x00000000e5c80000)
  to   space 20992K, 0% used [0x00000000e3a00000,0x00000000e3a00000,0x00000000e4e80000)
 ParOldGen       total 79872K, used 25731K [0x0000000080000000, 0x0000000084e00000, 0x00000000d5580000)
  object space 79872K, 32% used [0x0000000080000000,0x0000000081920f18,0x0000000084e00000)
 Metaspace       used 57085K, capacity 59120K, committed 59160K, reserved 1099776K
  class space    used 7840K, capacity 8334K, committed 8368K, reserved 1048576K

