# JRE version: OpenJDK Runtime Environment (8.0_242-b01) (build 1.8.0_242-release-1644-b01)
# Java VM: OpenJDK 64-Bit Server VM (25.242-b01 mixed mode windows-amd64 compressed oops)
Heap:
 PSYoungGen      total 381952K, used 346119K [0x00000000d5580000, 0x00000000f1e80000, 0x0000000100000000)
  eden space 309248K, 100% used [0x00000000d5580000,0x00000000e8380000,0x00000000e8380000)
  from space 72704K, 50% used [0x00000000ec980000,0x00000000eed81e68,0x00000000f1080000)
  to   space 71680K, 53% used [0x00000000e8380000,0x00000000ea93a7c8,0x00000000ec980000)
 ParOldGen       total 1398272K, used 103710K [0x0000000080000000, 0x00000000d5580000, 0x00000000d5580000)
  object space 1398272K, 7% used [0x0000000080000000,0x0000000086547840,0x00000000d5580000)
 Metaspace       used 104735K, capacity 109158K, committed 109232K, reserved 1144832K
  class space    used 13751K, capacity 14697K, committed 14768K, reserved 1048576K
GC Heap History (10 events):
Event: 280.601 GC heap after
Heap after GC invocations=16 (full 3):
 PSYoungGen      total 303616K, used 40447K [0x00000000d5580000, 0x00000000eec00000, 0x0000000100000000)
  eden space 263168K, 0% used [0x00000000d5580000,0x00000000d5580000,0x00000000e5680000)
  from space 40448K, 99% used [0x00000000e5680000,0x00000000e7dffe18,0x00000000e7e00000)
  to   space 66048K, 0% used [0x00000000eab80000,0x00000000eab80000,0x00000000eec00000)
 ParOldGen       total 135168K, used 97004K [0x0000000080000000, 0x0000000088400000, 0x00000000d5580000)
  object space 135168K, 71% used [0x0000000080000000,0x0000000085ebb3c8,0x0000000088400000)
 Metaspace       used 89016K, capacity 92116K, committed 92336K, reserved 1128448K
  class space    used 11713K, capacity 12384K, committed 12464K, reserved 1048576K
}
Event: 287.503 GC heap before
{Heap before GC invocations=17 (full 3):
 PSYoungGen      total 303616K, used 303615K [0x00000000d5580000, 0x00000000eec00000, 0x0000000100000000)
  eden space 263168K, 100% used [0x00000000d5580000,0x00000000e5680000,0x00000000e5680000)
  from space 40448K, 99% used [0x00000000e5680000,0x00000000e7dffe18,0x00000000e7e00000)
  to   space 66048K, 0% used [0x00000000eab80000,0x00000000eab80000,0x00000000eec00000)
 ParOldGen       total 135168K, used 97004K [0x0000000080000000, 0x0000000088400000, 0x00000000d5580000)
  object space 135168K, 71% used [0x0000000080000000,0x0000000085ebb3c8,0x0000000088400000)
 Metaspace       used 93756K, capacity 96948K, committed 97328K, reserved 1134592K
  class space    used 12318K, capacity 13020K, committed 13104K, reserved 1048576K
Event: 287.661 GC heap after
Heap after GC invocations=17 (full 3):
 PSYoungGen      total 339968K, used 63195K [0x00000000d5580000, 0x00000000f0a80000, 0x0000000100000000)
  eden space 273920K, 0% used [0x00000000d5580000,0x00000000d5580000,0x00000000e6100000)
  from space 66048K, 95% used [0x00000000eab80000,0x00000000ee936e70,0x00000000eec00000)
  to   space 76288K, 0% used [0x00000000e6100000,0x00000000e6100000,0x00000000eab80000)
 ParOldGen       total 135168K, used 112064K [0x0000000080000000, 0x0000000088400000, 0x00000000d5580000)
  object space 135168K, 82% used [0x0000000080000000,0x0000000086d700b8,0x0000000088400000)
 Metaspace       used 93756K, capacity 96948K, committed 97328K, reserved 1134592K
  class space    used 12318K, capacity 13020K, committed 13104K, reserved 1048576K
}
Event: 287.661 GC heap before
{Heap before GC invocations=18 (full 4):
 PSYoungGen      total 339968K, used 63195K [0x00000000d5580000, 0x00000000f0a80000, 0x0000000100000000)
  eden space 273920K, 0% used [0x00000000d5580000,0x00000000d5580000,0x00000000e6100000)
  from space 66048K, 95% used [0x00000000eab80000,0x00000000ee936e70,0x00000000eec00000)
  to   space 76288K, 0% used [0x00000000e6100000,0x00000000e6100000,0x00000000eab80000)
 ParOldGen       total 135168K, used 112064K [0x0000000080000000, 0x0000000088400000, 0x00000000d5580000)
  object space 135168K, 82% used [0x0000000080000000,0x0000000086d700b8,0x0000000088400000)
 Metaspace       used 93756K, capacity 96948K, committed 97328K, reserved 1134592K
  class space    used 12318K, capacity 13020K, committed 13104K, reserved 1048576K
Event: 288.331 GC heap after
Heap after GC invocations=18 (full 4):
 PSYoungGen      total 339968K, used 0K [0x00000000d5580000, 0x00000000f0a80000, 0x0000000100000000)
  eden space 273920K, 0% used [0x00000000d5580000,0x00000000d5580000,0x00000000e6100000)
  from space 66048K, 0% used [0x00000000eab80000,0x00000000eab80000,0x00000000eec00000)
  to   space 76288K, 0% used [0x00000000e6100000,0x00000000e6100000,0x00000000eab80000)
 ParOldGen       total 259584K, used 103686K [0x0000000080000000, 0x000000008fd80000, 0x00000000d5580000)
  object space 259584K, 39% used [0x0000000080000000,0x0000000086541840,0x000000008fd80000)
 Metaspace       used 93736K, capacity 96890K, committed 97328K, reserved 1134592K
  class space    used 12311K, capacity 13009K, committed 13104K, reserved 1048576K
}
Event: 304.147 GC heap before
{Heap before GC invocations=19 (full 4):
 PSYoungGen      total 339968K, used 273920K [0x00000000d5580000, 0x00000000f0a80000, 0x0000000100000000)
  eden space 273920K, 100% used [0x00000000d5580000,0x00000000e6100000,0x00000000e6100000)
  from space 66048K, 0% used [0x00000000eab80000,0x00000000eab80000,0x00000000eec00000)
  to   space 76288K, 0% used [0x00000000e6100000,0x00000000e6100000,0x00000000eab80000)
 ParOldGen       total 259584K, used 103686K [0x0000000080000000, 0x000000008fd80000, 0x00000000d5580000)
  object space 259584K, 39% used [0x0000000080000000,0x0000000086541840,0x000000008fd80000)
 Metaspace       used 103997K, capacity 108300K, committed 108464K, reserved 1142784K
  class space    used 13724K, capacity 14684K, committed 14768K, reserved 1048576K
Event: 304.186 GC heap after
Heap after GC invocations=19 (full 4):
 PSYoungGen      total 350208K, used 21079K [0x00000000d5580000, 0x00000000f1080000, 0x0000000100000000)
  eden space 273920K, 0% used [0x00000000d5580000,0x00000000d5580000,0x00000000e6100000)
  from space 76288K, 27% used [0x00000000e6100000,0x00000000e7595f20,0x00000000eab80000)
  to   space 72704K, 0% used [0x00000000ec980000,0x00000000ec980000,0x00000000f1080000)
 ParOldGen       total 259584K, used 103694K [0x0000000080000000, 0x000000008fd80000, 0x00000000d5580000)
  object space 259584K, 39% used [0x0000000080000000,0x0000000086543840,0x000000008fd80000)
 Metaspace       used 103997K, capacity 108300K, committed 108464K, reserved 1142784K
  class space    used 13724K, capacity 14684K, committed 14768K, reserved 1048576K
}
Event: 306.188 GC heap before
{Heap before GC invocations=20 (full 4):
 PSYoungGen      total 350208K, used 294999K [0x00000000d5580000, 0x00000000f1080000, 0x0000000100000000)
  eden space 273920K, 100% used [0x00000000d5580000,0x00000000e6100000,0x00000000e6100000)
  from space 76288K, 27% used [0x00000000e6100000,0x00000000e7595f20,0x00000000eab80000)
  to   space 72704K, 0% used [0x00000000ec980000,0x00000000ec980000,0x00000000f1080000)
 ParOldGen       total 259584K, used 103694K [0x0000000080000000, 0x000000008fd80000, 0x00000000d5580000)
  object space 259584K, 39% used [0x0000000080000000,0x0000000086543840,0x000000008fd80000)
 Metaspace       used 104600K, capacity 109000K, committed 109232K, reserved 1144832K
  class space    used 13750K, capacity 14696K, committed 14768K, reserved 1048576K
Event: 306.254 GC heap after
Heap after GC invocations=20 (full 4):
 PSYoungGen      total 381952K, used 36871K [0x00000000d5580000, 0x00000000f1e80000, 0x0000000100000000)
  eden space 309248K, 0% used [0x00000000d5580000,0x00000000d5580000,0x00000000e8380000)
  from space 72704K, 50% used [0x00000000ec980000,0x00000000eed81e68,0x00000000f1080000)
  to   space 71680K, 0% used [0x00000000e8380000,0x00000000e8380000,0x00000000ec980000)
 ParOldGen       total 259584K, used 103702K [0x0000000080000000, 0x000000008fd80000, 0x00000000d5580000)
  object space 259584K, 39% used [0x0000000080000000,0x0000000086545840,0x000000008fd80000)
 Metaspace       used 104600K, capacity 109000K, committed 109232K, reserved 1144832K
  class space    used 13750K, capacity 14696K, committed 14768K, reserved 1048576K
}
Event: 308.087 GC heap before
{Heap before GC invocations=21 (full 4):
 PSYoungGen      total 381952K, used 346119K [0x00000000d5580000, 0x00000000f1e80000, 0x0000000100000000)
  eden space 309248K, 100% used [0x00000000d5580000,0x00000000e8380000,0x00000000e8380000)
  from space 72704K, 50% used [0x00000000ec980000,0x00000000eed81e68,0x00000000f1080000)
  to   space 71680K, 0% used [0x00000000e8380000,0x00000000e8380000,0x00000000ec980000)
 ParOldGen       total 259584K, used 103702K [0x0000000080000000, 0x000000008fd80000, 0x00000000d5580000)
  object space 259584K, 39% used [0x0000000080000000,0x0000000086545840,0x000000008fd80000)
 Metaspace       used 104735K, capacity 109158K, committed 109232K, reserved 1144832K
  class space    used 13751K, capacity 14697K, committed 14768K, reserved 1048576K

