# JRE version: OpenJDK Runtime Environment (8.0_242-b01) (build 1.8.0_242-release-1644-b01)
# Java VM: OpenJDK 64-Bit Server VM (25.242-b01 mixed mode windows-amd64 compressed oops)
Heap:
 PSYoungGen      total 236032K, used 29675K [0x00000000d5580000, 0x00000000ed100000, 0x0000000100000000)
  eden space 206336K, 0% used [0x00000000d5580000,0x00000000d5580000,0x00000000e1f00000)
  from space 29696K, 99% used [0x00000000e5f80000,0x00000000e7c7af98,0x00000000e7c80000)
  to   space 66048K, 0% used [0x00000000e1f00000,0x00000000e1f00000,0x00000000e5f80000)
 ParOldGen       total 151040K, used 150650K [0x0000000080000000, 0x0000000089380000, 0x00000000d5580000)
  object space 151040K, 99% used [0x0000000080000000,0x000000008931eb68,0x0000000089380000)
 Metaspace       used 89258K, capacity 92458K, committed 92592K, reserved 1130496K
  class space    used 11724K, capacity 12433K, committed 12464K, reserved 1048576K
GC Heap History (10 events):
Event: 185.916 GC heap after
Heap after GC invocations=24 (full 3):
 PSYoungGen      total 202752K, used 7456K [0x00000000d5580000, 0x00000000e5580000, 0x0000000100000000)
  eden space 174592K, 0% used [0x00000000d5580000,0x00000000d5580000,0x00000000e0000000)
  from space 28160K, 26% used [0x00000000e0000000,0x00000000e0748140,0x00000000e1b80000)
  to   space 26624K, 0% used [0x00000000e3b80000,0x00000000e3b80000,0x00000000e5580000)
 ParOldGen       total 83456K, used 66675K [0x0000000080000000, 0x0000000085180000, 0x00000000d5580000)
  object space 83456K, 79% used [0x0000000080000000,0x000000008411cf58,0x0000000085180000)
 Metaspace       used 68972K, capacity 71826K, committed 71984K, reserved 1112064K
  class space    used 9318K, capacity 9931K, committed 10032K, reserved 1048576K
}
Event: 253.197 GC heap before
{Heap before GC invocations=25 (full 3):
 PSYoungGen      total 202752K, used 182048K [0x00000000d5580000, 0x00000000e5580000, 0x0000000100000000)
  eden space 174592K, 100% used [0x00000000d5580000,0x00000000e0000000,0x00000000e0000000)
  from space 28160K, 26% used [0x00000000e0000000,0x00000000e0748140,0x00000000e1b80000)
  to   space 26624K, 0% used [0x00000000e3b80000,0x00000000e3b80000,0x00000000e5580000)
 ParOldGen       total 83456K, used 66675K [0x0000000080000000, 0x0000000085180000, 0x00000000d5580000)
  object space 83456K, 79% used [0x0000000080000000,0x000000008411cf58,0x0000000085180000)
 Metaspace       used 72847K, capacity 75836K, committed 75952K, reserved 1114112K
  class space    used 9787K, capacity 10408K, committed 10416K, reserved 1048576K
Event: 253.224 GC heap after
Heap after GC invocations=25 (full 3):
 PSYoungGen      total 225280K, used 13186K [0x00000000d5580000, 0x00000000e5000000, 0x0000000100000000)
  eden space 204288K, 0% used [0x00000000d5580000,0x00000000d5580000,0x00000000e1d00000)
  from space 20992K, 62% used [0x00000000e3b80000,0x00000000e4860a48,0x00000000e5000000)
  to   space 26112K, 0% used [0x00000000e1d00000,0x00000000e1d00000,0x00000000e3680000)
 ParOldGen       total 83456K, used 71474K [0x0000000080000000, 0x0000000085180000, 0x00000000d5580000)
  object space 83456K, 85% used [0x0000000080000000,0x00000000845ccae8,0x0000000085180000)
 Metaspace       used 72847K, capacity 75836K, committed 75952K, reserved 1114112K
  class space    used 9787K, capacity 10408K, committed 10416K, reserved 1048576K
}
Event: 253.224 GC heap before
{Heap before GC invocations=26 (full 4):
 PSYoungGen      total 225280K, used 13186K [0x00000000d5580000, 0x00000000e5000000, 0x0000000100000000)
  eden space 204288K, 0% used [0x00000000d5580000,0x00000000d5580000,0x00000000e1d00000)
  from space 20992K, 62% used [0x00000000e3b80000,0x00000000e4860a48,0x00000000e5000000)
  to   space 26112K, 0% used [0x00000000e1d00000,0x00000000e1d00000,0x00000000e3680000)
 ParOldGen       total 83456K, used 71474K [0x0000000080000000, 0x0000000085180000, 0x00000000d5580000)
  object space 83456K, 85% used [0x0000000080000000,0x00000000845ccae8,0x0000000085180000)
 Metaspace       used 72847K, capacity 75836K, committed 75952K, reserved 1114112K
  class space    used 9787K, capacity 10408K, committed 10416K, reserved 1048576K
Event: 253.537 GC heap after
Heap after GC invocations=26 (full 4):
 PSYoungGen      total 225280K, used 0K [0x00000000d5580000, 0x00000000e5000000, 0x0000000100000000)
  eden space 204288K, 0% used [0x00000000d5580000,0x00000000d5580000,0x00000000e1d00000)
  from space 20992K, 0% used [0x00000000e3b80000,0x00000000e3b80000,0x00000000e5000000)
  to   space 26112K, 0% used [0x00000000e1d00000,0x00000000e1d00000,0x00000000e3680000)
 ParOldGen       total 135168K, used 65722K [0x0000000080000000, 0x0000000088400000, 0x00000000d5580000)
  object space 135168K, 48% used [0x0000000080000000,0x000000008402e8f0,0x0000000088400000)
 Metaspace       used 72786K, capacity 75654K, committed 75952K, reserved 1114112K
  class space    used 9768K, capacity 10373K, committed 10416K, reserved 1048576K
}
Event: 265.772 GC heap before
{Heap before GC invocations=27 (full 4):
 PSYoungGen      total 225280K, used 204288K [0x00000000d5580000, 0x00000000e5000000, 0x0000000100000000)
  eden space 204288K, 100% used [0x00000000d5580000,0x00000000e1d00000,0x00000000e1d00000)
  from space 20992K, 0% used [0x00000000e3b80000,0x00000000e3b80000,0x00000000e5000000)
  to   space 26112K, 0% used [0x00000000e1d00000,0x00000000e1d00000,0x00000000e3680000)
 ParOldGen       total 135168K, used 65722K [0x0000000080000000, 0x0000000088400000, 0x00000000d5580000)
  object space 135168K, 48% used [0x0000000080000000,0x000000008402e8f0,0x0000000088400000)
 Metaspace       used 79469K, capacity 82594K, committed 82736K, reserved 1120256K
  class space    used 10550K, capacity 11229K, committed 11312K, reserved 1048576K
Event: 265.842 GC heap after
Heap after GC invocations=27 (full 4):
 PSYoungGen      total 230400K, used 23176K [0x00000000d5580000, 0x00000000e7c80000, 0x0000000100000000)
  eden space 204288K, 0% used [0x00000000d5580000,0x00000000d5580000,0x00000000e1d00000)
  from space 26112K, 88% used [0x00000000e1d00000,0x00000000e33a21b8,0x00000000e3680000)
  to   space 29696K, 0% used [0x00000000e5f80000,0x00000000e5f80000,0x00000000e7c80000)
 ParOldGen       total 135168K, used 65730K [0x0000000080000000, 0x0000000088400000, 0x00000000d5580000)
  object space 135168K, 48% used [0x0000000080000000,0x00000000840308f0,0x0000000088400000)
 Metaspace       used 79469K, capacity 82594K, committed 82736K, reserved 1120256K
  class space    used 10550K, capacity 11229K, committed 11312K, reserved 1048576K
}
Event: 271.235 GC heap before
{Heap before GC invocations=28 (full 4):
 PSYoungGen      total 230400K, used 227464K [0x00000000d5580000, 0x00000000e7c80000, 0x0000000100000000)
  eden space 204288K, 100% used [0x00000000d5580000,0x00000000e1d00000,0x00000000e1d00000)
  from space 26112K, 88% used [0x00000000e1d00000,0x00000000e33a21b8,0x00000000e3680000)
  to   space 29696K, 0% used [0x00000000e5f80000,0x00000000e5f80000,0x00000000e7c80000)
 ParOldGen       total 135168K, used 65730K [0x0000000080000000, 0x0000000088400000, 0x00000000d5580000)
  object space 135168K, 48% used [0x0000000080000000,0x00000000840308f0,0x0000000088400000)
 Metaspace       used 89258K, capacity 92458K, committed 92592K, reserved 1130496K
  class space    used 11724K, capacity 12433K, committed 12464K, reserved 1048576K
Event: 271.387 GC heap after
Heap after GC invocations=28 (full 4):
 PSYoungGen      total 236032K, used 29675K [0x00000000d5580000, 0x00000000ed100000, 0x0000000100000000)
  eden space 206336K, 0% used [0x00000000d5580000,0x00000000d5580000,0x00000000e1f00000)
  from space 29696K, 99% used [0x00000000e5f80000,0x00000000e7c7af98,0x00000000e7c80000)
  to   space 66048K, 0% used [0x00000000e1f00000,0x00000000e1f00000,0x00000000e5f80000)
 ParOldGen       total 151040K, used 150650K [0x0000000080000000, 0x0000000089380000, 0x00000000d5580000)
  object space 151040K, 99% used [0x0000000080000000,0x000000008931eb68,0x0000000089380000)
 Metaspace       used 89258K, capacity 92458K, committed 92592K, reserved 1130496K
  class space    used 11724K, capacity 12433K, committed 12464K, reserved 1048576K
}
Event: 271.387 GC heap before
{Heap before GC invocations=29 (full 5):
 PSYoungGen      total 236032K, used 29675K [0x00000000d5580000, 0x00000000ed100000, 0x0000000100000000)
  eden space 206336K, 0% used [0x00000000d5580000,0x00000000d5580000,0x00000000e1f00000)
  from space 29696K, 99% used [0x00000000e5f80000,0x00000000e7c7af98,0x00000000e7c80000)
  to   space 66048K, 0% used [0x00000000e1f00000,0x00000000e1f00000,0x00000000e5f80000)
 ParOldGen       total 151040K, used 150650K [0x0000000080000000, 0x0000000089380000, 0x00000000d5580000)
  object space 151040K, 99% used [0x0000000080000000,0x000000008931eb68,0x0000000089380000)
 Metaspace       used 89258K, capacity 92458K, committed 92592K, reserved 1130496K
  class space    used 11724K, capacity 12433K, committed 12464K, reserved 1048576K

