# JRE version: OpenJDK Runtime Environment (8.0_242-b01) (build 1.8.0_242-release-1644-b01)
# Java VM: OpenJDK 64-Bit Server VM (25.242-b01 mixed mode windows-amd64 compressed oops)
Heap:
 PSYoungGen      total 586240K, used 517787K [0x00000000d5580000, 0x00000000ff000000, 0x0000000100000000)
  eden space 491008K, 100% used [0x00000000d5580000,0x00000000f3500000,0x00000000f3500000)
  from space 95232K, 28% used [0x00000000f9300000,0x00000000fad26ed8,0x00000000ff000000)
  to   space 95744K, 99% used [0x00000000f3500000,0x00000000f927fd30,0x00000000f9280000)
 ParOldGen       total 475136K, used 379367K [0x0000000080000000, 0x000000009d000000, 0x00000000d5580000)
  object space 475136K, 79% used [0x0000000080000000,0x0000000097279e60,0x000000009d000000)
 Metaspace       used 142462K, capacity 148916K, committed 149168K, reserved 1179648K
  class space    used 17921K, capacity 19092K, committed 19120K, reserved 1048576K
GC Heap History (10 events):
Event: 1271.759 GC heap after
Heap after GC invocations=37 (full 5):
 PSYoungGen      total 570880K, used 18081K [0x00000000d5580000, 0x00000000ff480000, 0x0000000100000000)
  eden space 453120K, 0% used [0x00000000d5580000,0x00000000d5580000,0x00000000f1000000)
  from space 117760K, 15% used [0x00000000f8180000,0x00000000f9328768,0x00000000ff480000)
  to   space 116224K, 0% used [0x00000000f1000000,0x00000000f1000000,0x00000000f8180000)
 ParOldGen       total 475136K, used 298400K [0x0000000080000000, 0x000000009d000000, 0x00000000d5580000)
  object space 475136K, 62% used [0x0000000080000000,0x0000000092368030,0x000000009d000000)
 Metaspace       used 141485K, capacity 147054K, committed 147120K, reserved 1177600K
  class space    used 17784K, capacity 18849K, committed 18864K, reserved 1048576K
}
Event: 2231.011 GC heap before
{Heap before GC invocations=38 (full 5):
 PSYoungGen      total 570880K, used 471201K [0x00000000d5580000, 0x00000000ff480000, 0x0000000100000000)
  eden space 453120K, 100% used [0x00000000d5580000,0x00000000f1000000,0x00000000f1000000)
  from space 117760K, 15% used [0x00000000f8180000,0x00000000f9328768,0x00000000ff480000)
  to   space 116224K, 0% used [0x00000000f1000000,0x00000000f1000000,0x00000000f8180000)
 ParOldGen       total 475136K, used 298400K [0x0000000080000000, 0x000000009d000000, 0x00000000d5580000)
  object space 475136K, 62% used [0x0000000080000000,0x0000000092368030,0x000000009d000000)
 Metaspace       used 142099K, capacity 148360K, committed 148656K, reserved 1179648K
  class space    used 17884K, capacity 19034K, committed 19120K, reserved 1048576K
Event: 2232.762 GC heap after
Heap after GC invocations=38 (full 5):
 PSYoungGen      total 569344K, used 17996K [0x00000000d5580000, 0x00000000ff680000, 0x0000000100000000)
  eden space 453120K, 0% used [0x00000000d5580000,0x00000000d5580000,0x00000000f1000000)
  from space 116224K, 15% used [0x00000000f1000000,0x00000000f2193040,0x00000000f8180000)
  to   space 112128K, 0% used [0x00000000f8900000,0x00000000f8900000,0x00000000ff680000)
 ParOldGen       total 475136K, used 298408K [0x0000000080000000, 0x000000009d000000, 0x00000000d5580000)
  object space 475136K, 62% used [0x0000000080000000,0x000000009236a030,0x000000009d000000)
 Metaspace       used 142099K, capacity 148360K, committed 148656K, reserved 1179648K
  class space    used 17884K, capacity 19034K, committed 19120K, reserved 1048576K
}
Event: 2241.973 GC heap before
{Heap before GC invocations=39 (full 5):
 PSYoungGen      total 569344K, used 471116K [0x00000000d5580000, 0x00000000ff680000, 0x0000000100000000)
  eden space 453120K, 100% used [0x00000000d5580000,0x00000000f1000000,0x00000000f1000000)
  from space 116224K, 15% used [0x00000000f1000000,0x00000000f2193040,0x00000000f8180000)
  to   space 112128K, 0% used [0x00000000f8900000,0x00000000f8900000,0x00000000ff680000)
 ParOldGen       total 475136K, used 298408K [0x0000000080000000, 0x000000009d000000, 0x00000000d5580000)
  object space 475136K, 62% used [0x0000000080000000,0x000000009236a030,0x000000009d000000)
 Metaspace       used 142192K, capacity 148568K, committed 148656K, reserved 1179648K
  class space    used 17896K, capacity 19056K, committed 19120K, reserved 1048576K
Event: 2242.341 GC heap after
Heap after GC invocations=39 (full 5):
 PSYoungGen      total 577024K, used 22116K [0x00000000d5580000, 0x00000000ff100000, 0x0000000100000000)
  eden space 470528K, 0% used [0x00000000d5580000,0x00000000d5580000,0x00000000f2100000)
  from space 106496K, 20% used [0x00000000f8900000,0x00000000f9e992c8,0x00000000ff100000)
  to   space 106496K, 0% used [0x00000000f2100000,0x00000000f2100000,0x00000000f8900000)
 ParOldGen       total 475136K, used 298416K [0x0000000080000000, 0x000000009d000000, 0x00000000d5580000)
  object space 475136K, 62% used [0x0000000080000000,0x000000009236c030,0x000000009d000000)
 Metaspace       used 142192K, capacity 148568K, committed 148656K, reserved 1179648K
  class space    used 17896K, capacity 19056K, committed 19120K, reserved 1048576K
}
Event: 2249.062 GC heap before
{Heap before GC invocations=40 (full 5):
 PSYoungGen      total 577024K, used 492644K [0x00000000d5580000, 0x00000000ff100000, 0x0000000100000000)
  eden space 470528K, 100% used [0x00000000d5580000,0x00000000f2100000,0x00000000f2100000)
  from space 106496K, 20% used [0x00000000f8900000,0x00000000f9e992c8,0x00000000ff100000)
  to   space 106496K, 0% used [0x00000000f2100000,0x00000000f2100000,0x00000000f8900000)
 ParOldGen       total 475136K, used 298416K [0x0000000080000000, 0x000000009d000000, 0x00000000d5580000)
  object space 475136K, 62% used [0x0000000080000000,0x000000009236c030,0x000000009d000000)
 Metaspace       used 142219K, capacity 148568K, committed 148656K, reserved 1179648K
  class space    used 17896K, capacity 19056K, committed 19120K, reserved 1048576K
Event: 2249.125 GC heap after
Heap after GC invocations=40 (full 5):
 PSYoungGen      total 577024K, used 24260K [0x00000000d5580000, 0x00000000ff600000, 0x0000000100000000)
  eden space 470528K, 0% used [0x00000000d5580000,0x00000000d5580000,0x00000000f2100000)
  from space 106496K, 22% used [0x00000000f2100000,0x00000000f38b1160,0x00000000f8900000)
  to   space 101376K, 0% used [0x00000000f9300000,0x00000000f9300000,0x00000000ff600000)
 ParOldGen       total 475136K, used 298416K [0x0000000080000000, 0x000000009d000000, 0x00000000d5580000)
  object space 475136K, 62% used [0x0000000080000000,0x000000009236c030,0x000000009d000000)
 Metaspace       used 142219K, capacity 148568K, committed 148656K, reserved 1179648K
  class space    used 17896K, capacity 19056K, committed 19120K, reserved 1048576K
}
Event: 2255.106 GC heap before
{Heap before GC invocations=41 (full 5):
 PSYoungGen      total 577024K, used 494788K [0x00000000d5580000, 0x00000000ff600000, 0x0000000100000000)
  eden space 470528K, 100% used [0x00000000d5580000,0x00000000f2100000,0x00000000f2100000)
  from space 106496K, 22% used [0x00000000f2100000,0x00000000f38b1160,0x00000000f8900000)
  to   space 101376K, 0% used [0x00000000f9300000,0x00000000f9300000,0x00000000ff600000)
 ParOldGen       total 475136K, used 298416K [0x0000000080000000, 0x000000009d000000, 0x00000000d5580000)
  object space 475136K, 62% used [0x0000000080000000,0x000000009236c030,0x000000009d000000)
 Metaspace       used 142368K, capacity 148794K, committed 148912K, reserved 1179648K
  class space    used 17916K, capacity 19083K, committed 19120K, reserved 1048576K
Event: 2255.165 GC heap after
Heap after GC invocations=41 (full 5):
 PSYoungGen      total 586240K, used 26779K [0x00000000d5580000, 0x00000000ff000000, 0x0000000100000000)
  eden space 491008K, 0% used [0x00000000d5580000,0x00000000d5580000,0x00000000f3500000)
  from space 95232K, 28% used [0x00000000f9300000,0x00000000fad26ed8,0x00000000ff000000)
  to   space 95744K, 0% used [0x00000000f3500000,0x00000000f3500000,0x00000000f9280000)
 ParOldGen       total 475136K, used 298424K [0x0000000080000000, 0x000000009d000000, 0x00000000d5580000)
  object space 475136K, 62% used [0x0000000080000000,0x000000009236e030,0x000000009d000000)
 Metaspace       used 142368K, capacity 148794K, committed 148912K, reserved 1179648K
  class space    used 17916K, capacity 19083K, committed 19120K, reserved 1048576K
}
Event: 2266.973 GC heap before
{Heap before GC invocations=42 (full 5):
 PSYoungGen      total 586240K, used 517787K [0x00000000d5580000, 0x00000000ff000000, 0x0000000100000000)
  eden space 491008K, 100% used [0x00000000d5580000,0x00000000f3500000,0x00000000f3500000)
  from space 95232K, 28% used [0x00000000f9300000,0x00000000fad26ed8,0x00000000ff000000)
  to   space 95744K, 0% used [0x00000000f3500000,0x00000000f3500000,0x00000000f9280000)
 ParOldGen       total 475136K, used 298424K [0x0000000080000000, 0x000000009d000000, 0x00000000d5580000)
  object space 475136K, 62% used [0x0000000080000000,0x000000009236e030,0x000000009d000000)
 Metaspace       used 142462K, capacity 148916K, committed 149168K, reserved 1179648K
  class space    used 17921K, capacity 19092K, committed 19120K, reserved 1048576K

