# JRE version: OpenJDK Runtime Environment (8.0_242-b01) (build 1.8.0_242-release-1644-b01)
# Java VM: OpenJDK 64-Bit Server VM (25.242-b01 mixed mode windows-amd64 compressed oops)
Heap:
 PSYoungGen      total 576000K, used 575532K [0x00000000d5580000, 0x0000000100000000, 0x0000000100000000)
  eden space 510464K, 100% used [0x00000000d5580000,0x00000000f4800000,0x00000000f4800000)
  from space 65536K, 99% used [0x00000000f4800000,0x00000000f878b020,0x00000000f8800000)
  to   space 99840K, 18% used [0x00000000f9e80000,0x00000000fb07e690,0x0000000100000000)
 ParOldGen       total 302080K, used 220939K [0x0000000080000000, 0x0000000092700000, 0x00000000d5580000)
  object space 302080K, 73% used [0x0000000080000000,0x000000008d7c2e08,0x0000000092700000)
 Metaspace       used 125665K, capacity 130814K, committed 130984K, reserved 1163264K
  class space    used 16175K, capacity 17293K, committed 17328K, reserved 1048576K
GC Heap History (10 events):
Event: 115.696 GC heap after
Heap after GC invocations=15 (full 3):
 PSYoungGen      total 499712K, used 31225K [0x00000000d5580000, 0x00000000fd900000, 0x0000000100000000)
  eden space 468480K, 0% used [0x00000000d5580000,0x00000000d5580000,0x00000000f1f00000)
  from space 31232K, 99% used [0x00000000f6980000,0x00000000f87fe6f0,0x00000000f8800000)
  to   space 76288K, 0% used [0x00000000f1f00000,0x00000000f1f00000,0x00000000f6980000)
 ParOldGen       total 168960K, used 168950K [0x0000000080000000, 0x000000008a500000, 0x00000000d5580000)
  object space 168960K, 99% used [0x0000000080000000,0x000000008a4fd9c0,0x000000008a500000)
 Metaspace       used 92085K, capacity 95196K, committed 95528K, reserved 1132544K
  class space    used 12139K, capacity 12822K, committed 12848K, reserved 1048576K
}
Event: 115.696 GC heap before
{Heap before GC invocations=16 (full 4):
 PSYoungGen      total 499712K, used 31225K [0x00000000d5580000, 0x00000000fd900000, 0x0000000100000000)
  eden space 468480K, 0% used [0x00000000d5580000,0x00000000d5580000,0x00000000f1f00000)
  from space 31232K, 99% used [0x00000000f6980000,0x00000000f87fe6f0,0x00000000f8800000)
  to   space 76288K, 0% used [0x00000000f1f00000,0x00000000f1f00000,0x00000000f6980000)
 ParOldGen       total 168960K, used 168950K [0x0000000080000000, 0x000000008a500000, 0x00000000d5580000)
  object space 168960K, 99% used [0x0000000080000000,0x000000008a4fd9c0,0x000000008a500000)
 Metaspace       used 92085K, capacity 95196K, committed 95528K, reserved 1132544K
  class space    used 12139K, capacity 12822K, committed 12848K, reserved 1048576K
Event: 116.994 GC heap after
Heap after GC invocations=16 (full 4):
 PSYoungGen      total 499712K, used 21960K [0x00000000d5580000, 0x00000000fd900000, 0x0000000100000000)
  eden space 468480K, 0% used [0x00000000d5580000,0x00000000d5580000,0x00000000f1f00000)
  from space 31232K, 70% used [0x00000000f6980000,0x00000000f7ef2170,0x00000000f8800000)
  to   space 76288K, 0% used [0x00000000f1f00000,0x00000000f1f00000,0x00000000f6980000)
 ParOldGen       total 302080K, used 168514K [0x0000000080000000, 0x0000000092700000, 0x00000000d5580000)
  object space 302080K, 55% used [0x0000000080000000,0x000000008a4909d0,0x0000000092700000)
 Metaspace       used 92064K, capacity 95140K, committed 95528K, reserved 1132544K
  class space    used 12132K, capacity 12810K, committed 12848K, reserved 1048576K
}
Event: 140.974 GC heap before
{Heap before GC invocations=17 (full 4):
 PSYoungGen      total 499712K, used 490440K [0x00000000d5580000, 0x00000000fd900000, 0x0000000100000000)
  eden space 468480K, 100% used [0x00000000d5580000,0x00000000f1f00000,0x00000000f1f00000)
  from space 31232K, 70% used [0x00000000f6980000,0x00000000f7ef2170,0x00000000f8800000)
  to   space 76288K, 0% used [0x00000000f1f00000,0x00000000f1f00000,0x00000000f6980000)
 ParOldGen       total 302080K, used 168514K [0x0000000080000000, 0x0000000092700000, 0x00000000d5580000)
  object space 302080K, 55% used [0x0000000080000000,0x000000008a4909d0,0x0000000092700000)
 Metaspace       used 103382K, capacity 107688K, committed 107816K, reserved 1142784K
  class space    used 13674K, capacity 14604K, committed 14640K, reserved 1048576K
Event: 141.141 GC heap after
Heap after GC invocations=17 (full 4):
 PSYoungGen      total 544768K, used 53925K [0x00000000d5580000, 0x0000000100000000, 0x0000000100000000)
  eden space 468480K, 0% used [0x00000000d5580000,0x00000000d5580000,0x00000000f1f00000)
  from space 76288K, 70% used [0x00000000f1f00000,0x00000000f53a9788,0x00000000f6980000)
  to   space 81920K, 0% used [0x00000000fb000000,0x00000000fb000000,0x0000000100000000)
 ParOldGen       total 302080K, used 185895K [0x0000000080000000, 0x0000000092700000, 0x00000000d5580000)
  object space 302080K, 61% used [0x0000000080000000,0x000000008b589fe8,0x0000000092700000)
 Metaspace       used 103382K, capacity 107688K, committed 107816K, reserved 1142784K
  class space    used 13674K, capacity 14604K, committed 14640K, reserved 1048576K
}
Event: 3417.418 GC heap before
{Heap before GC invocations=18 (full 4):
 PSYoungGen      total 544768K, used 522405K [0x00000000d5580000, 0x0000000100000000, 0x0000000100000000)
  eden space 468480K, 100% used [0x00000000d5580000,0x00000000f1f00000,0x00000000f1f00000)
  from space 76288K, 70% used [0x00000000f1f00000,0x00000000f53a9788,0x00000000f6980000)
  to   space 81920K, 0% used [0x00000000fb000000,0x00000000fb000000,0x0000000100000000)
 ParOldGen       total 302080K, used 185895K [0x0000000080000000, 0x0000000092700000, 0x00000000d5580000)
  object space 302080K, 61% used [0x0000000080000000,0x000000008b589fe8,0x0000000092700000)
 Metaspace       used 116906K, capacity 121692K, committed 122024K, reserved 1155072K
  class space    used 15175K, capacity 16210K, committed 16304K, reserved 1048576K
Event: 3441.288 GC heap after
Heap after GC invocations=18 (full 4):
 PSYoungGen      total 592384K, used 76542K [0x00000000d5580000, 0x0000000100000000, 0x0000000100000000)
  eden space 510464K, 0% used [0x00000000d5580000,0x00000000d5580000,0x00000000f4800000)
  from space 81920K, 93% used [0x00000000fb000000,0x00000000ffabfbb0,0x0000000100000000)
  to   space 94208K, 0% used [0x00000000f4800000,0x00000000f4800000,0x00000000fa400000)
 ParOldGen       total 302080K, used 185903K [0x0000000080000000, 0x0000000092700000, 0x00000000d5580000)
  object space 302080K, 61% used [0x0000000080000000,0x000000008b58bfe8,0x0000000092700000)
 Metaspace       used 116906K, capacity 121692K, committed 122024K, reserved 1155072K
  class space    used 15175K, capacity 16210K, committed 16304K, reserved 1048576K
}
Event: 3461.099 GC heap before
{Heap before GC invocations=19 (full 4):
 PSYoungGen      total 592384K, used 586974K [0x00000000d5580000, 0x0000000100000000, 0x0000000100000000)
  eden space 510464K, 99% used [0x00000000d5580000,0x00000000f47f7c90,0x00000000f4800000)
  from space 81920K, 93% used [0x00000000fb000000,0x00000000ffabfbb0,0x0000000100000000)
  to   space 94208K, 0% used [0x00000000f4800000,0x00000000f4800000,0x00000000fa400000)
 ParOldGen       total 302080K, used 185903K [0x0000000080000000, 0x0000000092700000, 0x00000000d5580000)
  object space 302080K, 61% used [0x0000000080000000,0x000000008b58bfe8,0x0000000092700000)
 Metaspace       used 124788K, capacity 129694K, committed 129832K, reserved 1161216K
  class space    used 16103K, capacity 17149K, committed 17200K, reserved 1048576K
Event: 3462.689 GC heap after
Heap after GC invocations=19 (full 4):
 PSYoungGen      total 576000K, used 65068K [0x00000000d5580000, 0x0000000100000000, 0x0000000100000000)
  eden space 510464K, 0% used [0x00000000d5580000,0x00000000d5580000,0x00000000f4800000)
  from space 65536K, 99% used [0x00000000f4800000,0x00000000f878b020,0x00000000f8800000)
  to   space 99840K, 0% used [0x00000000f9e80000,0x00000000f9e80000,0x0000000100000000)
 ParOldGen       total 302080K, used 185911K [0x0000000080000000, 0x0000000092700000, 0x00000000d5580000)
  object space 302080K, 61% used [0x0000000080000000,0x000000008b58dfe8,0x0000000092700000)
 Metaspace       used 124788K, capacity 129694K, committed 129832K, reserved 1161216K
  class space    used 16103K, capacity 17149K, committed 17200K, reserved 1048576K
}
Event: 3775.126 GC heap before
{Heap before GC invocations=20 (full 4):
 PSYoungGen      total 576000K, used 575532K [0x00000000d5580000, 0x0000000100000000, 0x0000000100000000)
  eden space 510464K, 100% used [0x00000000d5580000,0x00000000f4800000,0x00000000f4800000)
  from space 65536K, 99% used [0x00000000f4800000,0x00000000f878b020,0x00000000f8800000)
  to   space 99840K, 0% used [0x00000000f9e80000,0x00000000f9e80000,0x0000000100000000)
 ParOldGen       total 302080K, used 185911K [0x0000000080000000, 0x0000000092700000, 0x00000000d5580000)
  object space 302080K, 61% used [0x0000000080000000,0x000000008b58dfe8,0x0000000092700000)
 Metaspace       used 125665K, capacity 130814K, committed 130984K, reserved 1163264K
  class space    used 16175K, capacity 17293K, committed 17328K, reserved 1048576K

