# JRE version: OpenJDK Runtime Environment (8.0_242-b01) (build 1.8.0_242-release-1644-b01)
# Java VM: OpenJDK 64-Bit Server VM (25.242-b01 mixed mode windows-amd64 compressed oops)
Heap:
 PSYoungGen      total 541696K, used 52711K [0x00000000d5580000, 0x0000000100000000, 0x0000000100000000)
  eden space 488960K, 0% used [0x00000000d5580000,0x00000000d5580000,0x00000000f3300000)
  from space 52736K, 99% used [0x00000000fcc80000,0x00000000ffff9ef8,0x0000000100000000)
  to   space 104960K, 0% used [0x00000000f3300000,0x00000000f3300000,0x00000000f9980000)
 ParOldGen       total 373248K, used 348744K [0x0000000080000000, 0x0000000096c80000, 0x00000000d5580000)
  object space 373248K, 93% used [0x0000000080000000,0x00000000954923e0,0x0000000096c80000)
 Metaspace       used 164897K, capacity 171052K, committed 171304K, reserved 1198080K
  class space    used 20684K, capacity 21967K, committed 22056K, reserved 1048576K
GC Heap History (10 events):
Event: 715.585 GC heap after
Heap after GC invocations=45 (full 7):
 PSYoungGen      total 648192K, used 0K [0x00000000d5580000, 0x0000000100000000, 0x0000000100000000)
  eden space 595968K, 0% used [0x00000000d5580000,0x00000000d5580000,0x00000000f9b80000)
  from space 52224K, 0% used [0x00000000fcd00000,0x00000000fcd00000,0x0000000100000000)
  to   space 50688K, 0% used [0x00000000f9b80000,0x00000000f9b80000,0x00000000fcd00000)
 ParOldGen       total 373248K, used 220609K [0x0000000080000000, 0x0000000096c80000, 0x00000000d5580000)
  object space 373248K, 59% used [0x0000000080000000,0x000000008d770498,0x0000000096c80000)
 Metaspace       used 164107K, capacity 170134K, committed 170408K, reserved 1198080K
  class space    used 20580K, capacity 21814K, committed 21928K, reserved 1048576K
}
Event: 720.706 GC heap before
{Heap before GC invocations=46 (full 7):
 PSYoungGen      total 648192K, used 595968K [0x00000000d5580000, 0x0000000100000000, 0x0000000100000000)
  eden space 595968K, 100% used [0x00000000d5580000,0x00000000f9b80000,0x00000000f9b80000)
  from space 52224K, 0% used [0x00000000fcd00000,0x00000000fcd00000,0x0000000100000000)
  to   space 50688K, 0% used [0x00000000f9b80000,0x00000000f9b80000,0x00000000fcd00000)
 ParOldGen       total 373248K, used 220609K [0x0000000080000000, 0x0000000096c80000, 0x00000000d5580000)
  object space 373248K, 59% used [0x0000000080000000,0x000000008d770498,0x0000000096c80000)
 Metaspace       used 164227K, capacity 170300K, committed 170408K, reserved 1198080K
  class space    used 20591K, capacity 21847K, committed 21928K, reserved 1048576K
Event: 720.827 GC heap after
Heap after GC invocations=46 (full 7):
 PSYoungGen      total 609280K, used 12884K [0x00000000d5580000, 0x00000000ffd80000, 0x0000000100000000)
  eden space 595968K, 0% used [0x00000000d5580000,0x00000000d5580000,0x00000000f9b80000)
  from space 13312K, 96% used [0x00000000f9b80000,0x00000000fa815300,0x00000000fa880000)
  to   space 50176K, 0% used [0x00000000fcc80000,0x00000000fcc80000,0x00000000ffd80000)
 ParOldGen       total 373248K, used 220617K [0x0000000080000000, 0x0000000096c80000, 0x00000000d5580000)
  object space 373248K, 59% used [0x0000000080000000,0x000000008d772498,0x0000000096c80000)
 Metaspace       used 164227K, capacity 170300K, committed 170408K, reserved 1198080K
  class space    used 20591K, capacity 21847K, committed 21928K, reserved 1048576K
}
Event: 725.990 GC heap before
{Heap before GC invocations=47 (full 7):
 PSYoungGen      total 609280K, used 608852K [0x00000000d5580000, 0x00000000ffd80000, 0x0000000100000000)
  eden space 595968K, 100% used [0x00000000d5580000,0x00000000f9b80000,0x00000000f9b80000)
  from space 13312K, 96% used [0x00000000f9b80000,0x00000000fa815300,0x00000000fa880000)
  to   space 50176K, 0% used [0x00000000fcc80000,0x00000000fcc80000,0x00000000ffd80000)
 ParOldGen       total 373248K, used 220617K [0x0000000080000000, 0x0000000096c80000, 0x00000000d5580000)
  object space 373248K, 59% used [0x0000000080000000,0x000000008d772498,0x0000000096c80000)
 Metaspace       used 164242K, capacity 170304K, committed 170408K, reserved 1198080K
  class space    used 20592K, capacity 21847K, committed 21928K, reserved 1048576K
Event: 726.094 GC heap after
Heap after GC invocations=47 (full 7):
 PSYoungGen      total 647168K, used 10347K [0x00000000d5580000, 0x0000000100000000, 0x0000000100000000)
  eden space 596992K, 0% used [0x00000000d5580000,0x00000000d5580000,0x00000000f9c80000)
  from space 50176K, 20% used [0x00000000fcc80000,0x00000000fd69acd0,0x00000000ffd80000)
  to   space 49152K, 0% used [0x00000000f9c80000,0x00000000f9c80000,0x00000000fcc80000)
 ParOldGen       total 373248K, used 229535K [0x0000000080000000, 0x0000000096c80000, 0x00000000d5580000)
  object space 373248K, 61% used [0x0000000080000000,0x000000008e027d98,0x0000000096c80000)
 Metaspace       used 164242K, capacity 170304K, committed 170408K, reserved 1198080K
  class space    used 20592K, capacity 21847K, committed 21928K, reserved 1048576K
}
Event: 729.331 GC heap before
{Heap before GC invocations=48 (full 7):
 PSYoungGen      total 647168K, used 607339K [0x00000000d5580000, 0x0000000100000000, 0x0000000100000000)
  eden space 596992K, 100% used [0x00000000d5580000,0x00000000f9c80000,0x00000000f9c80000)
  from space 50176K, 20% used [0x00000000fcc80000,0x00000000fd69acd0,0x00000000ffd80000)
  to   space 49152K, 0% used [0x00000000f9c80000,0x00000000f9c80000,0x00000000fcc80000)
 ParOldGen       total 373248K, used 231810K [0x0000000080000000, 0x0000000096c80000, 0x00000000d5580000)
  object space 373248K, 62% used [0x0000000080000000,0x000000008e260ba0,0x0000000096c80000)
 Metaspace       used 164839K, capacity 170970K, committed 171304K, reserved 1198080K
  class space    used 20680K, capacity 21964K, committed 22056K, reserved 1048576K
Event: 729.578 GC heap after
Heap after GC invocations=48 (full 7):
 PSYoungGen      total 646144K, used 49134K [0x00000000d5580000, 0x0000000100000000, 0x0000000100000000)
  eden space 596992K, 0% used [0x00000000d5580000,0x00000000d5580000,0x00000000f9c80000)
  from space 49152K, 99% used [0x00000000f9c80000,0x00000000fcc7b938,0x00000000fcc80000)
  to   space 52736K, 0% used [0x00000000fcc80000,0x00000000fcc80000,0x0000000100000000)
 ParOldGen       total 373248K, used 271580K [0x0000000080000000, 0x0000000096c80000, 0x00000000d5580000)
  object space 373248K, 72% used [0x0000000080000000,0x00000000909370f0,0x0000000096c80000)
 Metaspace       used 164839K, capacity 170970K, committed 171304K, reserved 1198080K
  class space    used 20680K, capacity 21964K, committed 22056K, reserved 1048576K
}
Event: 733.300 GC heap before
{Heap before GC invocations=49 (full 7):
 PSYoungGen      total 646144K, used 646126K [0x00000000d5580000, 0x0000000100000000, 0x0000000100000000)
  eden space 596992K, 100% used [0x00000000d5580000,0x00000000f9c80000,0x00000000f9c80000)
  from space 49152K, 99% used [0x00000000f9c80000,0x00000000fcc7b938,0x00000000fcc80000)
  to   space 52736K, 0% used [0x00000000fcc80000,0x00000000fcc80000,0x0000000100000000)
 ParOldGen       total 373248K, used 271580K [0x0000000080000000, 0x0000000096c80000, 0x00000000d5580000)
  object space 373248K, 72% used [0x0000000080000000,0x00000000909370f0,0x0000000096c80000)
 Metaspace       used 164897K, capacity 171052K, committed 171304K, reserved 1198080K
  class space    used 20684K, capacity 21967K, committed 22056K, reserved 1048576K
Event: 733.797 GC heap after
Heap after GC invocations=49 (full 7):
 PSYoungGen      total 541696K, used 52711K [0x00000000d5580000, 0x0000000100000000, 0x0000000100000000)
  eden space 488960K, 0% used [0x00000000d5580000,0x00000000d5580000,0x00000000f3300000)
  from space 52736K, 99% used [0x00000000fcc80000,0x00000000ffff9ef8,0x0000000100000000)
  to   space 104960K, 0% used [0x00000000f3300000,0x00000000f3300000,0x00000000f9980000)
 ParOldGen       total 373248K, used 348744K [0x0000000080000000, 0x0000000096c80000, 0x00000000d5580000)
  object space 373248K, 93% used [0x0000000080000000,0x00000000954923e0,0x0000000096c80000)
 Metaspace       used 164897K, capacity 171052K, committed 171304K, reserved 1198080K
  class space    used 20684K, capacity 21967K, committed 22056K, reserved 1048576K
}
Event: 733.797 GC heap before
{Heap before GC invocations=50 (full 8):
 PSYoungGen      total 541696K, used 52711K [0x00000000d5580000, 0x0000000100000000, 0x0000000100000000)
  eden space 488960K, 0% used [0x00000000d5580000,0x00000000d5580000,0x00000000f3300000)
  from space 52736K, 99% used [0x00000000fcc80000,0x00000000ffff9ef8,0x0000000100000000)
  to   space 104960K, 0% used [0x00000000f3300000,0x00000000f3300000,0x00000000f9980000)
 ParOldGen       total 373248K, used 348744K [0x0000000080000000, 0x0000000096c80000, 0x00000000d5580000)
  object space 373248K, 93% used [0x0000000080000000,0x00000000954923e0,0x0000000096c80000)
 Metaspace       used 164897K, capacity 171052K, committed 171304K, reserved 1198080K
  class space    used 20684K, capacity 21967K, committed 22056K, reserved 1048576K

